<?xml version="1.0" encoding="UTF-8"?>
<!-- Generated by org.testng.reporters.JUnitXMLReporter -->
<testsuite ignored="0" hostname="antonio" failures="0" tests="3" name="Surefire test" time="18.57" errors="0" timestamp="2026-05-28T11:53:31 EEST">
  <testcase classname="FunkyProject.tests.SubmitOrderTest" name="submitOrder" time="3.196"/>
  <testcase classname="FunkyProject.tests.SubmitOrderTest" name="submitOrder" time="3.218"/>
  <testcase classname="FunkyProject.tests.SubmitOrderTest" name="OrderHistoryTest" time="0.992"/>
</testsuite> <!-- Surefire test -->
