<?xml version="1.0" encoding="UTF-8"?>
<!-- Generated by org.testng.reporters.JUnitXMLReporter -->
<testsuite ignored="0" hostname="antonio" failures="0" tests="3" name="Default test" time="16.59" errors="0" timestamp="2026-05-27T15:17:47 EEST">
  <testcase classname="FunkyProject.tests.SubmitOrderTest" name="submitOrder" time="3.303"/>
  <testcase classname="FunkyProject.tests.SubmitOrderTest" name="submitOrder" time="3.145"/>
  <testcase classname="FunkyProject.tests.SubmitOrderTest" name="OrderHistoryTest" time="0.955"/>
</testsuite> <!-- Default test -->
