<?xml version="1.0" encoding="UTF-8"?>
<!-- Generated by org.testng.reporters.JUnitXMLReporter -->
<testsuite ignored="0" hostname="antonio" failures="0" tests="2" name="Error Validation Test" time="9.477" errors="0" timestamp="2026-05-31T12:26:26 EEST">
  <testcase classname="FunkyProject.tests.ErrorValidation" name="LogginErrorValidation" time="0.966"/>
  <testcase classname="FunkyProject.tests.ErrorValidation" name="ProductErrorValidation" time="2.383"/>
</testsuite> <!-- Error Validation Test -->
