<?xml version="1.0" encoding="UTF-8"?>
<!-- Generated by org.testng.reporters.JUnitXMLReporter -->
<testsuite ignored="0" hostname="antonio" failures="0" tests="3" name="Submit Order Test" time="18.837" errors="0" timestamp="2026-05-31T12:26:17 EEST">
  <testcase classname="FunkyProject.tests.SubmitOrderTest" name="submitOrder" time="3.254"/>
  <testcase classname="FunkyProject.tests.SubmitOrderTest" name="submitOrder" time="3.197"/>
  <testcase classname="FunkyProject.tests.SubmitOrderTest" name="OrderHistoryTest" time="3.068"/>
</testsuite> <!-- Submit Order Test -->
