<?xml version="1.0" encoding="UTF-8"?>
<!-- Generated by org.testng.reporters.JUnitXMLReporter -->
<testsuite ignored="0" hostname="antonio" failures="0" tests="3" name="Submit Order Test" time="21.807" errors="0" timestamp="2026-05-30T15:49:45 EEST">
  <testcase classname="FunkyProject.tests.SubmitOrderTest" name="submitOrder" time="3.851"/>
  <testcase classname="FunkyProject.tests.SubmitOrderTest" name="submitOrder" time="3.373"/>
  <testcase classname="FunkyProject.tests.SubmitOrderTest" name="OrderHistoryTest" time="0.992"/>
</testsuite> <!-- Submit Order Test -->
