<?xml version="1.0" encoding="UTF-8"?>
<!-- Generated by org.testng.reporters.JUnitXMLReporter -->
<testsuite ignored="0" hostname="antonio" failures="0" tests="3" name="Test" time="18.138" errors="0" timestamp="2026-05-27T14:31:47 EEST">
  <testcase classname="FunkyProject.tests.ErrorValidation" name="LogginErrorValidation" time="0.436"/>
  <testcase classname="FunkyProject.tests.ErrorValidation" name="ProductErrorValidation" time="2.426"/>
  <testcase classname="FunkyProject.tests.StandAloneTest" name="submitOrder" time="4.454"/>
</testsuite> <!-- Test -->
