<?xml version="1.0" encoding="UTF-8"?>
<!-- Generated by org.testng.reporters.JUnitXMLReporter -->
<testsuite ignored="0" hostname="antonio" failures="0" tests="2" name="Error Validation Test" time="18.173" errors="0" timestamp="2026-05-28T12:14:35 EEST">
  <testcase classname="FunkyProject.tests.ErrorValidation" name="LogginErrorValidation" time="1.18"/>
  <testcase classname="FunkyProject.tests.ErrorValidation" name="ProductErrorValidation" time="2.499"/>
</testsuite> <!-- Error Validation Test -->
