<?xml version="1.0" encoding="UTF-8"?>
<testng-results ignored="0" total="5" passed="5" failed="0" skipped="0">
  <reporter-output>
  </reporter-output>
  <suite started-at="2026-05-31T12:25:58 EEST" name="Suite" finished-at="2026-05-31T12:26:26 EEST" duration-ms="28518">
    <groups>
      <group name="ErrorHandling">
        <method signature="ErrorValidation.LogginErrorValidation()[pri:0, instance:FunkyProject.tests.ErrorValidation@609bcfb6]" name="LogginErrorValidation" class="FunkyProject.tests.ErrorValidation"/>
        <method signature="ErrorValidation.ProductErrorValidation()[pri:0, instance:FunkyProject.tests.ErrorValidation@609bcfb6]" name="ProductErrorValidation" class="FunkyProject.tests.ErrorValidation"/>
      </group> <!-- ErrorHandling -->
      <group name="Purchase">
        <method signature="SubmitOrderTest.submitOrder(java.util.HashMap)[pri:0, instance:FunkyProject.tests.SubmitOrderTest@18f8cd79]" name="submitOrder" class="FunkyProject.tests.SubmitOrderTest"/>
      </group> <!-- Purchase -->
    </groups>
    <test started-at="2026-05-31T12:25:58 EEST" name="Submit Order Test" finished-at="2026-05-31T12:26:17 EEST" duration-ms="18837">
      <class name="FunkyProject.tests.SubmitOrderTest">
        <test-method is-config="true" signature="launchApplication()[pri:0, instance:FunkyProject.tests.SubmitOrderTest@18f8cd79]" started-at="2026-05-31T12:25:58 EEST" name="launchApplication" finished-at="2026-05-31T12:26:02 EEST" duration-ms="4230" status="PASS">
          <reporter-output>
          </reporter-output>
        </test-method> <!-- launchApplication -->
        <test-method signature="submitOrder(java.util.HashMap)[pri:0, instance:FunkyProject.tests.SubmitOrderTest@18f8cd79]" started-at="2026-05-31T12:26:02 EEST" name="submitOrder" data-provider="getData" finished-at="2026-05-31T12:26:05 EEST" duration-ms="3254" status="PASS">
          <params>
            <param index="0">
              <value>
                <![CDATA[{password=Iamking@000, product=ZARA COAT 3, email=anshika@gmail.com}]]>
              </value>
            </param>
          </params>
          <reporter-output>
          </reporter-output>
        </test-method> <!-- submitOrder -->
        <test-method is-config="true" signature="teadDown()[pri:0, instance:FunkyProject.tests.SubmitOrderTest@18f8cd79]" started-at="2026-05-31T12:26:05 EEST" name="teadDown" finished-at="2026-05-31T12:26:06 EEST" duration-ms="128" status="PASS">
          <reporter-output>
          </reporter-output>
        </test-method> <!-- teadDown -->
        <test-method is-config="true" signature="launchApplication()[pri:0, instance:FunkyProject.tests.SubmitOrderTest@18f8cd79]" started-at="2026-05-31T12:26:06 EEST" name="launchApplication" finished-at="2026-05-31T12:26:09 EEST" duration-ms="3267" status="PASS">
          <reporter-output>
          </reporter-output>
        </test-method> <!-- launchApplication -->
        <test-method signature="submitOrder(java.util.HashMap)[pri:0, instance:FunkyProject.tests.SubmitOrderTest@18f8cd79]" started-at="2026-05-31T12:26:09 EEST" name="submitOrder" data-provider="getData" finished-at="2026-05-31T12:26:12 EEST" duration-ms="3197" status="PASS">
          <params>
            <param index="0">
              <value>
                <![CDATA[{password=Iamking@000, product=ADIDAS ORIGINAL, email=anshika@gmail.com}]]>
              </value>
            </param>
          </params>
          <reporter-output>
          </reporter-output>
        </test-method> <!-- submitOrder -->
        <test-method is-config="true" signature="teadDown()[pri:0, instance:FunkyProject.tests.SubmitOrderTest@18f8cd79]" started-at="2026-05-31T12:26:12 EEST" name="teadDown" finished-at="2026-05-31T12:26:12 EEST" duration-ms="130" status="PASS">
          <reporter-output>
          </reporter-output>
        </test-method> <!-- teadDown -->
        <test-method is-config="true" signature="launchApplication()[pri:0, instance:FunkyProject.tests.SubmitOrderTest@18f8cd79]" started-at="2026-05-31T12:26:12 EEST" name="launchApplication" finished-at="2026-05-31T12:26:13 EEST" duration-ms="1251" status="PASS">
          <reporter-output>
          </reporter-output>
        </test-method> <!-- launchApplication -->
        <test-method signature="OrderHistoryTest()[pri:0, instance:FunkyProject.tests.SubmitOrderTest@18f8cd79]" started-at="2026-05-31T12:26:13 EEST" name="OrderHistoryTest" finished-at="2026-05-31T12:26:16 EEST" depends-on-methods="FunkyProject.tests.SubmitOrderTest.submitOrder" duration-ms="3068" status="PASS">
          <reporter-output>
          </reporter-output>
        </test-method> <!-- OrderHistoryTest -->
        <test-method is-config="true" signature="teadDown()[pri:0, instance:FunkyProject.tests.SubmitOrderTest@18f8cd79]" started-at="2026-05-31T12:26:16 EEST" name="teadDown" finished-at="2026-05-31T12:26:17 EEST" duration-ms="122" status="PASS">
          <reporter-output>
          </reporter-output>
        </test-method> <!-- teadDown -->
      </class> <!-- FunkyProject.tests.SubmitOrderTest -->
    </test> <!-- Submit Order Test -->
    <test started-at="2026-05-31T12:26:17 EEST" name="Error Validation Test" finished-at="2026-05-31T12:26:26 EEST" duration-ms="9477">
      <class name="FunkyProject.tests.ErrorValidation">
        <test-method is-config="true" signature="launchApplication()[pri:0, instance:FunkyProject.tests.ErrorValidation@609bcfb6]" started-at="2026-05-31T12:26:17 EEST" name="launchApplication" finished-at="2026-05-31T12:26:20 EEST" duration-ms="2907" status="PASS">
          <reporter-output>
          </reporter-output>
        </test-method> <!-- launchApplication -->
        <test-method signature="LogginErrorValidation()[pri:0, instance:FunkyProject.tests.ErrorValidation@609bcfb6]" started-at="2026-05-31T12:26:20 EEST" name="LogginErrorValidation" finished-at="2026-05-31T12:26:21 EEST" duration-ms="966" status="PASS">
          <reporter-output>
          </reporter-output>
        </test-method> <!-- LogginErrorValidation -->
        <test-method is-config="true" signature="teadDown()[pri:0, instance:FunkyProject.tests.ErrorValidation@609bcfb6]" started-at="2026-05-31T12:26:21 EEST" name="teadDown" finished-at="2026-05-31T12:26:21 EEST" duration-ms="112" status="PASS">
          <reporter-output>
          </reporter-output>
        </test-method> <!-- teadDown -->
        <test-method is-config="true" signature="launchApplication()[pri:0, instance:FunkyProject.tests.ErrorValidation@609bcfb6]" started-at="2026-05-31T12:26:21 EEST" name="launchApplication" finished-at="2026-05-31T12:26:24 EEST" duration-ms="2958" status="PASS">
          <reporter-output>
          </reporter-output>
        </test-method> <!-- launchApplication -->
        <test-method signature="ProductErrorValidation()[pri:0, instance:FunkyProject.tests.ErrorValidation@609bcfb6]" started-at="2026-05-31T12:26:24 EEST" name="ProductErrorValidation" finished-at="2026-05-31T12:26:26 EEST" duration-ms="2383" status="PASS">
          <reporter-output>
          </reporter-output>
        </test-method> <!-- ProductErrorValidation -->
        <test-method is-config="true" signature="teadDown()[pri:0, instance:FunkyProject.tests.ErrorValidation@609bcfb6]" started-at="2026-05-31T12:26:26 EEST" name="teadDown" finished-at="2026-05-31T12:26:26 EEST" duration-ms="148" status="PASS">
          <reporter-output>
          </reporter-output>
        </test-method> <!-- teadDown -->
      </class> <!-- FunkyProject.tests.ErrorValidation -->
    </test> <!-- Error Validation Test -->
  </suite> <!-- Suite -->
</testng-results>
