<?xml version="1.0" encoding="UTF-8"?>
<testng-results ignored="0" total="5" passed="5" failed="0" skipped="0">
  <reporter-output>
  </reporter-output>
  <suite started-at="2026-05-30T15:49:23 EEST" name="Suite" finished-at="2026-05-30T15:49:48 EEST" duration-ms="25421">
    <groups>
      <group name="ErrorHandling">
        <method signature="ErrorValidation.LogginErrorValidation()[pri:0, instance:FunkyProject.tests.ErrorValidation@609bcfb6]" name="LogginErrorValidation" class="FunkyProject.tests.ErrorValidation"/>
        <method signature="ErrorValidation.ProductErrorValidation()[pri:0, instance:FunkyProject.tests.ErrorValidation@609bcfb6]" name="ProductErrorValidation" class="FunkyProject.tests.ErrorValidation"/>
      </group> <!-- ErrorHandling -->
      <group name="Purchase">
        <method signature="SubmitOrderTest.submitOrder(java.util.HashMap)[pri:0, instance:FunkyProject.tests.SubmitOrderTest@18f8cd79]" name="submitOrder" class="FunkyProject.tests.SubmitOrderTest"/>
      </group> <!-- Purchase -->
    </groups>
    <test started-at="2026-05-30T15:49:23 EEST" name="Submit Order Test" finished-at="2026-05-30T15:49:44 EEST" duration-ms="21807">
      <class name="FunkyProject.tests.SubmitOrderTest">
        <test-method is-config="true" signature="launchApplication()[pri:0, instance:FunkyProject.tests.SubmitOrderTest@18f8cd79]" started-at="2026-05-30T15:49:23 EEST" name="launchApplication" finished-at="2026-05-30T15:49:30 EEST" duration-ms="6971" status="PASS">
          <reporter-output>
          </reporter-output>
        </test-method> <!-- launchApplication -->
        <test-method signature="submitOrder(java.util.HashMap)[pri:0, instance:FunkyProject.tests.SubmitOrderTest@18f8cd79]" started-at="2026-05-30T15:49:30 EEST" name="submitOrder" data-provider="getData" finished-at="2026-05-30T15:49:34 EEST" duration-ms="3851" status="PASS">
          <params>
            <param index="0">
              <value>
                <![CDATA[{password=Iamking@000, product=ZARA COAT 3, email=anshika@gmail.com}]]>
              </value>
            </param>
          </params>
          <reporter-output>
          </reporter-output>
        </test-method> <!-- submitOrder -->
        <test-method is-config="true" signature="teadDown()[pri:0, instance:FunkyProject.tests.SubmitOrderTest@18f8cd79]" started-at="2026-05-30T15:49:34 EEST" name="teadDown" finished-at="2026-05-30T15:49:34 EEST" duration-ms="159" status="PASS">
          <reporter-output>
          </reporter-output>
        </test-method> <!-- teadDown -->
        <test-method is-config="true" signature="launchApplication()[pri:0, instance:FunkyProject.tests.SubmitOrderTest@18f8cd79]" started-at="2026-05-30T15:49:34 EEST" name="launchApplication" finished-at="2026-05-30T15:49:37 EEST" duration-ms="2988" status="PASS">
          <reporter-output>
          </reporter-output>
        </test-method> <!-- launchApplication -->
        <test-method signature="submitOrder(java.util.HashMap)[pri:0, instance:FunkyProject.tests.SubmitOrderTest@18f8cd79]" started-at="2026-05-30T15:49:37 EEST" name="submitOrder" data-provider="getData" finished-at="2026-05-30T15:49:40 EEST" duration-ms="3373" status="PASS">
          <params>
            <param index="0">
              <value>
                <![CDATA[{password=Iamking@000, product=ADIDAS ORIGINAL, email=anshika@gmail.com}]]>
              </value>
            </param>
          </params>
          <reporter-output>
          </reporter-output>
        </test-method> <!-- submitOrder -->
        <test-method is-config="true" signature="teadDown()[pri:0, instance:FunkyProject.tests.SubmitOrderTest@18f8cd79]" started-at="2026-05-30T15:49:40 EEST" name="teadDown" finished-at="2026-05-30T15:49:40 EEST" duration-ms="131" status="PASS">
          <reporter-output>
          </reporter-output>
        </test-method> <!-- teadDown -->
        <test-method is-config="true" signature="launchApplication()[pri:0, instance:FunkyProject.tests.SubmitOrderTest@18f8cd79]" started-at="2026-05-30T15:49:40 EEST" name="launchApplication" finished-at="2026-05-30T15:49:43 EEST" duration-ms="2799" status="PASS">
          <reporter-output>
          </reporter-output>
        </test-method> <!-- launchApplication -->
        <test-method signature="OrderHistoryTest()[pri:0, instance:FunkyProject.tests.SubmitOrderTest@18f8cd79]" started-at="2026-05-30T15:49:43 EEST" name="OrderHistoryTest" finished-at="2026-05-30T15:49:44 EEST" depends-on-methods="FunkyProject.tests.SubmitOrderTest.submitOrder" duration-ms="992" status="PASS">
          <reporter-output>
          </reporter-output>
        </test-method> <!-- OrderHistoryTest -->
        <test-method is-config="true" signature="teadDown()[pri:0, instance:FunkyProject.tests.SubmitOrderTest@18f8cd79]" started-at="2026-05-30T15:49:44 EEST" name="teadDown" finished-at="2026-05-30T15:49:44 EEST" duration-ms="118" status="PASS">
          <reporter-output>
          </reporter-output>
        </test-method> <!-- teadDown -->
      </class> <!-- FunkyProject.tests.SubmitOrderTest -->
    </test> <!-- Submit Order Test -->
    <test started-at="2026-05-30T15:49:23 EEST" name="Error Validation Test" finished-at="2026-05-30T15:49:48 EEST" duration-ms="25421">
      <class name="FunkyProject.tests.ErrorValidation">
        <test-method is-config="true" signature="launchApplication()[pri:0, instance:FunkyProject.tests.ErrorValidation@609bcfb6]" started-at="2026-05-30T15:49:23 EEST" name="launchApplication" finished-at="2026-05-30T15:49:30 EEST" duration-ms="7253" status="PASS">
          <reporter-output>
          </reporter-output>
        </test-method> <!-- launchApplication -->
        <test-method signature="LogginErrorValidation()[pri:0, instance:FunkyProject.tests.ErrorValidation@609bcfb6]" started-at="2026-05-30T15:49:30 EEST" name="LogginErrorValidation" finished-at="2026-05-30T15:49:30 EEST" duration-ms="470" status="PASS">
          <reporter-output>
          </reporter-output>
        </test-method> <!-- LogginErrorValidation -->
        <test-method is-config="true" signature="teadDown()[pri:0, instance:FunkyProject.tests.ErrorValidation@609bcfb6]" started-at="2026-05-30T15:49:30 EEST" name="teadDown" finished-at="2026-05-30T15:49:31 EEST" duration-ms="149" status="PASS">
          <reporter-output>
          </reporter-output>
        </test-method> <!-- teadDown -->
        <test-method is-config="true" signature="launchApplication()[pri:0, instance:FunkyProject.tests.ErrorValidation@609bcfb6]" started-at="2026-05-30T15:49:31 EEST" name="launchApplication" finished-at="2026-05-30T15:49:34 EEST" duration-ms="3240" status="PASS">
          <reporter-output>
          </reporter-output>
        </test-method> <!-- launchApplication -->
        <test-method signature="ProductErrorValidation()[pri:0, instance:FunkyProject.tests.ErrorValidation@609bcfb6]" started-at="2026-05-30T15:49:34 EEST" name="ProductErrorValidation" finished-at="2026-05-30T15:49:48 EEST" duration-ms="14096" status="PASS">
          <reporter-output>
          </reporter-output>
        </test-method> <!-- ProductErrorValidation -->
        <test-method is-config="true" signature="teadDown()[pri:0, instance:FunkyProject.tests.ErrorValidation@609bcfb6]" started-at="2026-05-30T15:49:48 EEST" name="teadDown" finished-at="2026-05-30T15:49:48 EEST" duration-ms="153" status="PASS">
          <reporter-output>
          </reporter-output>
        </test-method> <!-- teadDown -->
      </class> <!-- FunkyProject.tests.ErrorValidation -->
    </test> <!-- Error Validation Test -->
  </suite> <!-- Suite -->
</testng-results>
