<?xml version="1.0" encoding="UTF-8"?>
<!-- Generated by org.testng.reporters.JUnitReportReporter -->
<testsuite hostname="antonio" failures="0" tests="3" name="FunkyProject.tests.SubmitOrderTest" time="21.382" errors="0" timestamp="2026-05-30T15:49:48 EEST" skipped="0">
  <testcase classname="FunkyProject.tests.SubmitOrderTest" name="submitOrder" time="6.520"/>
  <testcase classname="FunkyProject.tests.SubmitOrderTest" name="OrderHistoryTest" time="8.094"/>
  <testcase classname="FunkyProject.tests.SubmitOrderTest" name="submitOrder" time="6.768"/>
</testsuite> <!-- FunkyProject.tests.SubmitOrderTest -->
