<?xml version="1.0" encoding="UTF-8"?>
<!-- Generated by org.testng.reporters.JUnitReportReporter -->
<testsuite hostname="antonio" failures="0" tests="3" name="FunkyProject.tests.SubmitOrderTest" time="18.647" errors="0" timestamp="2026-05-31T12:26:26 EEST" skipped="0">
  <testcase classname="FunkyProject.tests.SubmitOrderTest" name="submitOrder" time="4.627"/>
  <testcase classname="FunkyProject.tests.SubmitOrderTest" name="submitOrder" time="7.557"/>
  <testcase classname="FunkyProject.tests.SubmitOrderTest" name="OrderHistoryTest" time="6.463"/>
</testsuite> <!-- FunkyProject.tests.SubmitOrderTest -->
