<?xml version="1.0" encoding="UTF-8"?>
<!-- Generated by org.testng.reporters.JUnitReportReporter -->
<testsuite hostname="antonio" failures="0" tests="2" name="FunkyProject.tests.ErrorValidation" time="9.474" errors="0" timestamp="2026-05-31T12:26:26 EEST" skipped="0">
  <testcase classname="FunkyProject.tests.ErrorValidation" name="LogginErrorValidation" time="4.072"/>
  <testcase classname="FunkyProject.tests.ErrorValidation" name="ProductErrorValidation" time="5.402"/>
</testsuite> <!-- FunkyProject.tests.ErrorValidation -->
