<?xml version="1.0" encoding="UTF-8"?>
<!-- Generated by org.testng.reporters.JUnitReportReporter -->
<testsuite hostname="antonio" failures="0" tests="2" name="FunkyProject.tests.ErrorValidation" time="25.361" errors="0" timestamp="2026-05-30T15:49:48 EEST" skipped="0">
  <testcase classname="FunkyProject.tests.ErrorValidation" name="ProductErrorValidation" time="21.498"/>
  <testcase classname="FunkyProject.tests.ErrorValidation" name="LogginErrorValidation" time="3.863"/>
</testsuite> <!-- FunkyProject.tests.ErrorValidation -->
