<?xml version="1.0" encoding="UTF-8"?>
<!-- Generated by org.testng.reporters.JUnitReportReporter -->
<testsuite hostname="antonio" failures="0" tests="2" name="FunkyProject.tests.ErrorValidation" time="18.135" errors="0" timestamp="2026-05-28T12:14:36 EEST" skipped="0">
  <testcase classname="FunkyProject.tests.ErrorValidation" name="LogginErrorValidation" time="4.640"/>
  <testcase classname="FunkyProject.tests.ErrorValidation" name="ProductErrorValidation" time="13.495"/>
</testsuite> <!-- FunkyProject.tests.ErrorValidation -->
